TN:
SF:src/index.js
FN:5,(anonymous_0)
FN:8,(anonymous_1)
FN:11,(anonymous_2)
FN:14,(anonymous_3)
FN:23,folder
FN:40,(anonymous_5)
FN:53,(anonymous_6)
FN:57,(anonymous_7)
FN:65,transform
FN:81,(anonymous_9)
FN:85,register
FN:145,toPascal
FN:146,(anonymous_12)
FN:149,assertFunction
FNF:14
FNH:13
FNDA:14,(anonymous_0)
FNDA:21,(anonymous_1)
FNDA:21,(anonymous_2)
FNDA:0,(anonymous_3)
FNDA:14,folder
FNDA:48,(anonymous_5)
FNDA:48,(anonymous_6)
FNDA:28,(anonymous_7)
FNDA:26,transform
FNDA:66,(anonymous_9)
FNDA:25,register
FNDA:66,toPascal
FNDA:56,(anonymous_12)
FNDA:4,assertFunction
DA:1,14
DA:2,14
DA:4,14
DA:6,14
DA:8,14
DA:9,21
DA:11,14
DA:12,21
DA:15,0
DA:24,14
DA:35,14
DA:38,14
DA:41,48
DA:42,48
DA:43,48
DA:44,48
DA:45,48
DA:47,48
DA:55,48
DA:58,28
DA:59,27
DA:62,11
DA:66,26
DA:68,26
DA:69,9
DA:71,26
DA:72,24
DA:74,26
DA:75,24
DA:77,26
DA:78,9
DA:81,66
DA:82,26
DA:87,25
DA:89,2
DA:90,1
DA:91,1
DA:94,2
DA:95,1
DA:96,1
DA:99,1
DA:100,1
DA:103,20
DA:104,3
DA:105,0
DA:107,3
DA:110,17
DA:111,17
DA:113,3
DA:116,5
DA:117,0
DA:120,5
DA:121,0
DA:123,0
DA:124,0
DA:126,0
DA:128,0
DA:129,0
DA:131,5
DA:132,0
DA:134,0
DA:135,0
DA:137,0
DA:139,0
DA:140,0
DA:146,66
DA:150,4
DA:151,4
DA:152,2
LF:69
LH:54
BRDA:15,0,0,0
BRDA:15,0,1,0
BRDA:35,1,0,0
BRDA:35,1,1,14
BRDA:42,2,0,22
BRDA:42,2,1,26
BRDA:68,3,0,9
BRDA:68,3,1,17
BRDA:71,4,0,24
BRDA:71,4,1,2
BRDA:74,5,0,24
BRDA:74,5,1,2
BRDA:77,6,0,9
BRDA:77,6,1,17
BRDA:87,7,0,2
BRDA:87,7,1,2
BRDA:87,7,2,1
BRDA:87,7,3,20
BRDA:95,8,0,1
BRDA:95,8,1,1
BRDA:103,9,0,3
BRDA:103,9,1,17
BRDA:104,10,0,0
BRDA:104,10,1,3
BRDA:104,11,0,3
BRDA:104,11,1,0
BRDA:104,11,2,0
BRDA:105,12,0,0
BRDA:105,12,1,0
BRDA:116,13,0,0
BRDA:116,13,1,5
BRDA:120,14,0,0
BRDA:120,14,1,5
BRDA:120,15,0,5
BRDA:120,15,1,5
BRDA:121,16,0,0
BRDA:121,16,1,0
BRDA:123,17,0,0
BRDA:123,17,1,0
BRDA:131,18,0,0
BRDA:131,18,1,5
BRDA:132,19,0,0
BRDA:132,19,1,0
BRDA:134,20,0,0
BRDA:134,20,1,0
BRDA:151,21,0,2
BRDA:151,21,1,2
BRF:47
BRH:28
end_of_record
